[debug] [2026-02-09T13:51:46.914Z] ----------------------------------------------------------------------
[debug] [2026-02-09T13:51:46.916Z] Command:       /usr/local/Cellar/node@20/20.19.0_1/bin/node /opt/homebrew/bin/firebase deploy --only hosting
[debug] [2026-02-09T13:51:46.916Z] CLI Version:   12.4.0
[debug] [2026-02-09T13:51:46.917Z] Platform:      darwin
[debug] [2026-02-09T13:51:46.917Z] Node Version:  v20.19.0
[debug] [2026-02-09T13:51:46.918Z] Time:          Mon Feb 09 2026 07:51:46 GMT-0600 (Central Standard Time)
[debug] [2026-02-09T13:51:46.918Z] ----------------------------------------------------------------------
[debug] 
[debug] [2026-02-09T13:51:46.996Z] > command requires scopes: ["email","openid","https://www.googleapis.com/auth/cloudplatformprojects.readonly","https://www.googleapis.com/auth/firebase","https://www.googleapis.com/auth/cloud-platform"]
[debug] [2026-02-09T13:51:46.997Z] > authorizing via signed-in user (abdulaziz@albahar.net)
[debug] [2026-02-09T13:51:46.997Z] [iam] checking project azizalbahar-b7cbb for permissions ["firebase.projects.get","firebasehosting.sites.update"]
[debug] [2026-02-09T13:51:46.999Z] > refreshing access token with scopes: []
[debug] [2026-02-09T13:51:47.000Z] >>> [apiv2][query] POST https://www.googleapis.com/oauth2/v3/token [none]
[debug] [2026-02-09T13:51:47.001Z] >>> [apiv2][body] POST https://www.googleapis.com/oauth2/v3/token [omitted]
[debug] [2026-02-09T13:51:47.133Z] <<< [apiv2][status] POST https://www.googleapis.com/oauth2/v3/token 400
[debug] [2026-02-09T13:51:47.134Z] <<< [apiv2][body] POST https://www.googleapis.com/oauth2/v3/token [omitted]
[debug] [2026-02-09T13:51:47.134Z] >>> [apiv2][query] POST https://cloudresourcemanager.googleapis.com/v1/projects/azizalbahar-b7cbb:testIamPermissions [none]
[debug] [2026-02-09T13:51:47.134Z] >>> [apiv2][(partial)header] POST https://cloudresourcemanager.googleapis.com/v1/projects/azizalbahar-b7cbb:testIamPermissions x-goog-quota-user=projects/azizalbahar-b7cbb
[debug] [2026-02-09T13:51:47.134Z] >>> [apiv2][body] POST https://cloudresourcemanager.googleapis.com/v1/projects/azizalbahar-b7cbb:testIamPermissions {"permissions":["firebase.projects.get","firebasehosting.sites.update"]}
[debug] [2026-02-09T13:51:47.240Z] <<< [apiv2][status] POST https://cloudresourcemanager.googleapis.com/v1/projects/azizalbahar-b7cbb:testIamPermissions 401
[debug] [2026-02-09T13:51:47.240Z] <<< [apiv2][body] POST https://cloudresourcemanager.googleapis.com/v1/projects/azizalbahar-b7cbb:testIamPermissions {"error":{"code":401,"message":"Request had invalid authentication credentials. Expected OAuth 2 access token, login cookie or other valid authentication credential. See https://developers.google.com/identity/sign-in/web/devconsole-project.","status":"UNAUTHENTICATED","details":[{"@type":"type.googleapis.com/google.rpc.ErrorInfo","reason":"ACCESS_TOKEN_TYPE_UNSUPPORTED","metadata":{"method":"google.cloudresourcemanager.v1.Projects.TestIamPermissions","service":"cloudresourcemanager.googleapis.com"}}]}}
[debug] [2026-02-09T13:51:47.241Z] [iam] error while checking permissions, command may fail: FirebaseError: HTTP Error: 401, Request had invalid authentication credentials. Expected OAuth 2 access token, login cookie or other valid authentication credential. See https://developers.google.com/identity/sign-in/web/devconsole-project.
[debug] [2026-02-09T13:51:47.242Z] > refreshing access token with scopes: []
[debug] [2026-02-09T13:51:47.242Z] >>> [apiv2][query] POST https://www.googleapis.com/oauth2/v3/token [none]
[debug] [2026-02-09T13:51:47.242Z] >>> [apiv2][body] POST https://www.googleapis.com/oauth2/v3/token [omitted]
[debug] [2026-02-09T13:51:47.278Z] <<< [apiv2][status] POST https://www.googleapis.com/oauth2/v3/token 400
[debug] [2026-02-09T13:51:47.278Z] <<< [apiv2][body] POST https://www.googleapis.com/oauth2/v3/token [omitted]
[debug] [2026-02-09T13:51:47.278Z] >>> [apiv2][query] GET https://firebase.googleapis.com/v1beta1/projects/azizalbahar-b7cbb [none]
[debug] [2026-02-09T13:51:47.350Z] <<< [apiv2][status] GET https://firebase.googleapis.com/v1beta1/projects/azizalbahar-b7cbb 401
[debug] [2026-02-09T13:51:47.351Z] <<< [apiv2][body] GET https://firebase.googleapis.com/v1beta1/projects/azizalbahar-b7cbb {"error":{"code":401,"message":"Request had invalid authentication credentials. Expected OAuth 2 access token, login cookie or other valid authentication credential. See https://developers.google.com/identity/sign-in/web/devconsole-project.","status":"UNAUTHENTICATED"}}
[debug] [2026-02-09T13:51:47.351Z] HTTP Error: 401, Request had invalid authentication credentials. Expected OAuth 2 access token, login cookie or other valid authentication credential. See https://developers.google.com/identity/sign-in/web/devconsole-project.
[debug] [2026-02-09T13:51:47.427Z] FirebaseError: HTTP Error: 401, Request had invalid authentication credentials. Expected OAuth 2 access token, login cookie or other valid authentication credential. See https://developers.google.com/identity/sign-in/web/devconsole-project.
    at responseToError (/opt/homebrew/lib/node_modules/firebase-tools/lib/responseToError.js:49:12)
    at RetryOperation._fn (/opt/homebrew/lib/node_modules/firebase-tools/lib/apiv2.js:288:77)
    at process.processTicksAndRejections (node:internal/process/task_queues:95:5)
[error] 
[error] Error: Failed to get Firebase project azizalbahar-b7cbb. Please make sure the project exists and your account has permission to access it.
[debug] [2026-02-09T13:52:48.948Z] ----------------------------------------------------------------------
[debug] [2026-02-09T13:52:48.950Z] Command:       /usr/local/Cellar/node@20/20.19.0_1/bin/node /opt/homebrew/bin/firebase projects:list
[debug] [2026-02-09T13:52:48.951Z] CLI Version:   12.4.0
[debug] [2026-02-09T13:52:48.951Z] Platform:      darwin
[debug] [2026-02-09T13:52:48.951Z] Node Version:  v20.19.0
[debug] [2026-02-09T13:52:48.952Z] Time:          Mon Feb 09 2026 07:52:48 GMT-0600 (Central Standard Time)
[debug] [2026-02-09T13:52:48.952Z] ----------------------------------------------------------------------
[debug] 
[debug] [2026-02-09T13:52:49.025Z] > command requires scopes: ["email","openid","https://www.googleapis.com/auth/cloudplatformprojects.readonly","https://www.googleapis.com/auth/firebase","https://www.googleapis.com/auth/cloud-platform"]
[debug] [2026-02-09T13:52:49.026Z] > authorizing via signed-in user (abdulaziz@albahar.net)
[debug] [2026-02-09T13:52:49.029Z] > refreshing access token with scopes: []
[debug] [2026-02-09T13:52:49.030Z] >>> [apiv2][query] POST https://www.googleapis.com/oauth2/v3/token [none]
[debug] [2026-02-09T13:52:49.031Z] >>> [apiv2][body] POST https://www.googleapis.com/oauth2/v3/token [omitted]
[debug] [2026-02-09T13:52:49.158Z] <<< [apiv2][status] POST https://www.googleapis.com/oauth2/v3/token 400
[debug] [2026-02-09T13:52:49.158Z] <<< [apiv2][body] POST https://www.googleapis.com/oauth2/v3/token [omitted]
[debug] [2026-02-09T13:52:49.159Z] >>> [apiv2][query] GET https://firebase.googleapis.com/v1beta1/projects pageSize=1000
[debug] [2026-02-09T13:52:49.230Z] <<< [apiv2][status] GET https://firebase.googleapis.com/v1beta1/projects 401
[debug] [2026-02-09T13:52:49.230Z] <<< [apiv2][body] GET https://firebase.googleapis.com/v1beta1/projects [omitted]
[debug] [2026-02-09T13:52:49.231Z] HTTP Error: 401, Request had invalid authentication credentials. Expected OAuth 2 access token, login cookie or other valid authentication credential. See https://developers.google.com/identity/sign-in/web/devconsole-project.
[debug] [2026-02-09T13:52:49.305Z] FirebaseError: HTTP Error: 401, Request had invalid authentication credentials. Expected OAuth 2 access token, login cookie or other valid authentication credential. See https://developers.google.com/identity/sign-in/web/devconsole-project.
    at responseToError (/opt/homebrew/lib/node_modules/firebase-tools/lib/responseToError.js:49:12)
    at RetryOperation._fn (/opt/homebrew/lib/node_modules/firebase-tools/lib/apiv2.js:288:77)
    at process.processTicksAndRejections (node:internal/process/task_queues:95:5)
[error] 
[error] Error: Failed to list Firebase projects. See firebase-debug.log for more info.
